TN:
SF:src\components\AnimatedComponents.tsx
FN:26,(anonymous_9)
FN:34,(anonymous_10)
FN:35,(anonymous_11)
FN:43,(anonymous_12)
FN:63,(anonymous_13)
FN:74,(anonymous_14)
FN:89,(anonymous_15)
FN:102,(anonymous_16)
FN:105,(anonymous_17)
FN:113,(anonymous_18)
FN:139,(anonymous_19)
FN:148,(anonymous_20)
FN:149,(anonymous_21)
FN:161,(anonymous_22)
FN:189,(anonymous_23)
FN:198,(anonymous_24)
FN:199,(anonymous_25)
FN:211,(anonymous_26)
FN:246,(anonymous_27)
FN:259,(anonymous_28)
FN:274,(anonymous_29)
FN:289,(anonymous_30)
FN:375,(anonymous_31)
FN:383,(anonymous_32)
FN:384,(anonymous_33)
FN:389,(anonymous_34)
FNF:26
FNH:0
FNDA:0,(anonymous_9)
FNDA:0,(anonymous_10)
FNDA:0,(anonymous_11)
FNDA:0,(anonymous_12)
FNDA:0,(anonymous_13)
FNDA:0,(anonymous_14)
FNDA:0,(anonymous_15)
FNDA:0,(anonymous_16)
FNDA:0,(anonymous_17)
FNDA:0,(anonymous_18)
FNDA:0,(anonymous_19)
FNDA:0,(anonymous_20)
FNDA:0,(anonymous_21)
FNDA:0,(anonymous_22)
FNDA:0,(anonymous_23)
FNDA:0,(anonymous_24)
FNDA:0,(anonymous_25)
FNDA:0,(anonymous_26)
FNDA:0,(anonymous_27)
FNDA:0,(anonymous_28)
FNDA:0,(anonymous_29)
FNDA:0,(anonymous_30)
FNDA:0,(anonymous_31)
FNDA:0,(anonymous_32)
FNDA:0,(anonymous_33)
FNDA:0,(anonymous_34)
DA:6,0
DA:7,0
DA:16,0
DA:26,0
DA:32,0
DA:34,0
DA:35,0
DA:36,0
DA:43,0
DA:46,0
DA:63,0
DA:71,0
DA:72,0
DA:74,0
DA:75,0
DA:77,0
DA:79,0
DA:81,0
DA:83,0
DA:85,0
DA:89,0
DA:90,0
DA:93,0
DA:96,0
DA:98,0
DA:102,0
DA:103,0
DA:105,0
DA:106,0
DA:113,0
DA:116,0
DA:139,0
DA:146,0
DA:148,0
DA:149,0
DA:150,0
DA:161,0
DA:164,0
DA:167,0
DA:189,0
DA:195,0
DA:196,0
DA:198,0
DA:199,0
DA:200,0
DA:211,0
DA:214,0
DA:217,0
DA:222,0
DA:246,0
DA:255,0
DA:256,0
DA:257,0
DA:259,0
DA:260,0
DA:265,0
DA:266,0
DA:274,0
DA:275,0
DA:280,0
DA:281,0
DA:289,0
DA:290,0
DA:296,0
DA:311,0
DA:326,0
DA:329,0
DA:345,0
DA:375,0
DA:380,0
DA:381,0
DA:383,0
DA:384,0
DA:385,0
DA:390,0
DA:391,0
DA:395,0
DA:398,0
DA:403,0
LF:79
LH:0
BRDA:28,0,0,0
BRDA:29,1,0,0
BRDA:65,2,0,0
BRDA:66,3,0,0
BRDA:67,4,0,0
BRDA:68,5,0,0
BRDA:75,6,0,0
BRDA:75,6,1,0
BRDA:75,6,2,0
BRDA:75,6,3,0
BRDA:75,6,4,0
BRDA:90,7,0,0
BRDA:90,7,1,0
BRDA:90,7,2,0
BRDA:90,7,3,0
BRDA:90,7,4,0
BRDA:141,8,0,0
BRDA:142,9,0,0
BRDA:143,10,0,0
BRDA:193,11,0,0
BRDA:219,12,0,0
BRDA:219,12,1,0
BRDA:248,13,0,0
BRDA:249,14,0,0
BRDA:250,15,0,0
BRDA:265,16,0,0
BRDA:280,17,0,0
BRDA:329,18,0,0
BRDA:329,18,1,0
BRDA:376,19,0,0
BRDA:411,20,0,0
BRDA:411,20,1,0
BRF:32
BRH:0
end_of_record
TN:
SF:src\components\AppLauncher.tsx
FN:119,(anonymous_9)
FN:138,(anonymous_10)
FN:155,(anonymous_11)
FN:159,(anonymous_12)
FN:176,(anonymous_13)
FN:188,(anonymous_14)
FN:226,(anonymous_15)
FN:258,(anonymous_16)
FN:271,(anonymous_17)
FN:299,(anonymous_18)
FN:330,(anonymous_19)
FN:343,(anonymous_20)
FN:355,(anonymous_21)
FN:420,(anonymous_22)
FN:424,(anonymous_23)
FNF:15
FNH:0
FNDA:0,(anonymous_9)
FNDA:0,(anonymous_10)
FNDA:0,(anonymous_11)
FNDA:0,(anonymous_12)
FNDA:0,(anonymous_13)
FNDA:0,(anonymous_14)
FNDA:0,(anonymous_15)
FNDA:0,(anonymous_16)
FNDA:0,(anonymous_17)
FNDA:0,(anonymous_18)
FNDA:0,(anonymous_19)
FNDA:0,(anonymous_20)
FNDA:0,(anonymous_21)
FNDA:0,(anonymous_22)
FNDA:0,(anonymous_23)
DA:7,0
DA:8,0
DA:22,0
DA:24,0
DA:26,0
DA:29,0
DA:43,0
DA:119,0
DA:127,0
DA:130,0
DA:131,0
DA:134,0
DA:135,0
DA:138,0
DA:139,0
DA:155,0
DA:156,0
DA:159,0
DA:160,0
DA:162,0
DA:163,0
DA:165,0
DA:166,0
DA:169,0
DA:173,0
DA:176,0
DA:178,0
DA:179,0
DA:186,0
DA:188,0
DA:192,0
DA:193,0
DA:196,0
DA:197,0
DA:200,0
DA:203,0
DA:205,0
DA:207,0
DA:210,0
DA:217,0
DA:224,0
DA:226,0
DA:237,0
DA:240,0
DA:241,0
DA:242,0
DA:243,0
DA:244,0
DA:245,0
DA:249,0
DA:256,0
DA:258,0
DA:267,0
DA:271,0
DA:272,0
DA:274,0
DA:275,0
DA:276,0
DA:277,0
DA:278,0
DA:283,0
DA:284,0
DA:285,0
DA:286,0
DA:287,0
DA:290,0
DA:297,0
DA:299,0
DA:307,0
DA:311,0
DA:313,0
DA:316,0
DA:317,0
DA:318,0
DA:321,0
DA:328,0
DA:330,0
DA:339,0
DA:343,0
DA:344,0
DA:345,0
DA:346,0
DA:347,0
DA:349,0
DA:355,0
DA:394,0
DA:395,0
DA:397,0
DA:420,0
DA:424,0
DA:456,0
DA:620,0
LF:92
LH:0
BRDA:120,0,0,0
BRDA:121,1,0,0
BRDA:122,2,0,0
BRDA:165,3,0,0
BRDA:165,3,1,0
BRDA:178,4,0,0
BRDA:205,5,0,0
BRDA:205,5,1,0
BRDA:241,6,0,0
BRDA:242,7,0,0
BRDA:242,7,1,0
BRDA:242,8,0,0
BRDA:242,8,1,0
BRDA:244,9,0,0
BRDA:244,10,0,0
BRDA:244,10,1,0
BRDA:252,11,0,0
BRDA:252,11,1,0
BRDA:274,12,0,0
BRDA:276,13,0,0
BRDA:283,14,0,0
BRDA:285,15,0,0
BRDA:285,15,1,0
BRDA:317,16,0,0
BRDA:317,17,0,0
BRDA:317,17,1,0
BRDA:324,18,0,0
BRDA:324,18,1,0
BRDA:347,19,0,0
BRDA:347,19,1,0
BRDA:347,19,2,0
BRDA:347,19,3,0
BRDA:353,20,0,0
BRDA:353,20,1,0
BRDA:359,21,0,0
BRDA:359,21,1,0
BRDA:360,22,0,0
BRDA:360,22,1,0
BRDA:367,23,0,0
BRDA:367,23,1,0
BRDA:371,24,0,0
BRDA:371,24,1,0
BRDA:375,25,0,0
BRDA:375,25,1,0
BRDA:379,26,0,0
BRDA:379,26,1,0
BRDA:379,26,2,0
BRDA:385,27,0,0
BRDA:385,27,1,0
BRDA:385,27,2,0
BRDA:425,28,0,0
BRDA:425,28,1,0
BRDA:429,29,0,0
BRDA:429,29,1,0
BRF:54
BRH:0
end_of_record
TN:
SF:src\components\QuestCam.tsx
FN:51,(anonymous_9)
FN:77,(anonymous_10)
FN:82,(anonymous_11)
FN:99,(anonymous_12)
FN:116,(anonymous_13)
FN:122,(anonymous_14)
FN:133,(anonymous_15)
FN:143,(anonymous_16)
FN:167,(anonymous_17)
FN:199,(anonymous_18)
FN:205,(anonymous_19)
FN:216,(anonymous_20)
FN:219,(anonymous_21)
FN:241,(anonymous_22)
FN:245,(anonymous_23)
FN:300,(anonymous_24)
FN:305,(anonymous_25)
FN:325,(anonymous_26)
FN:328,(anonymous_27)
FN:373,(anonymous_28)
FN:380,(anonymous_29)
FN:381,(anonymous_30)
FN:521,(anonymous_31)
FNF:23
FNH:0
FNDA:0,(anonymous_9)
FNDA:0,(anonymous_10)
FNDA:0,(anonymous_11)
FNDA:0,(anonymous_12)
FNDA:0,(anonymous_13)
FNDA:0,(anonymous_14)
FNDA:0,(anonymous_15)
FNDA:0,(anonymous_16)
FNDA:0,(anonymous_17)
FNDA:0,(anonymous_18)
FNDA:0,(anonymous_19)
FNDA:0,(anonymous_20)
FNDA:0,(anonymous_21)
FNDA:0,(anonymous_22)
FNDA:0,(anonymous_23)
FNDA:0,(anonymous_24)
FNDA:0,(anonymous_25)
FNDA:0,(anonymous_26)
FNDA:0,(anonymous_27)
FNDA:0,(anonymous_28)
FNDA:0,(anonymous_29)
FNDA:0,(anonymous_30)
FNDA:0,(anonymous_31)
DA:7,0
DA:8,0
DA:21,0
DA:23,0
DA:24,0
DA:25,0
DA:27,0
DA:29,0
DA:32,0
DA:51,0
DA:57,0
DA:58,0
DA:59,0
DA:62,0
DA:63,0
DA:64,0
DA:65,0
DA:66,0
DA:67,0
DA:70,0
DA:71,0
DA:72,0
DA:74,0
DA:77,0
DA:78,0
DA:82,0
DA:83,0
DA:99,0
DA:100,0
DA:101,0
DA:115,0
DA:116,0
DA:118,0
DA:122,0
DA:123,0
DA:124,0
DA:125,0
DA:127,0
DA:128,0
DA:138,0
DA:139,0
DA:143,0
DA:144,0
DA:146,0
DA:147,0
DA:149,0
DA:155,0
DA:158,0
DA:161,0
DA:162,0
DA:163,0
DA:167,0
DA:169,0
DA:199,0
DA:200,0
DA:201,0
DA:202,0
DA:205,0
DA:206,0
DA:207,0
DA:208,0
DA:211,0
DA:212,0
DA:220,0
DA:221,0
DA:228,0
DA:230,0
DA:236,0
DA:237,0
DA:239,0
DA:240,0
DA:241,0
DA:242,0
DA:245,0
DA:246,0
DA:247,0
DA:248,0
DA:252,0
DA:259,0
DA:260,0
DA:270,0
DA:272,0
DA:273,0
DA:278,0
DA:286,0
DA:288,0
DA:289,0
DA:292,0
DA:293,0
DA:296,0
DA:297,0
DA:300,0
DA:301,0
DA:305,0
DA:306,0
DA:307,0
DA:308,0
DA:313,0
DA:316,0
DA:317,0
DA:318,0
DA:320,0
DA:325,0
DA:329,0
DA:330,0
DA:331,0
DA:338,0
DA:339,0
DA:340,0
DA:342,0
DA:343,0
DA:346,0
DA:347,0
DA:348,0
DA:355,0
DA:360,0
DA:369,0
DA:373,0
DA:374,0
DA:375,0
DA:376,0
DA:377,0
DA:380,0
DA:381,0
DA:382,0
DA:387,0
DA:388,0
DA:397,0
DA:398,0
DA:411,0
DA:521,0
DA:537,0
DA:823,0
LF:133
LH:0
BRDA:100,0,0,0
BRDA:100,0,1,0
BRDA:100,1,0,0
BRDA:100,1,1,0
BRDA:127,2,0,0
BRDA:144,3,0,0
BRDA:206,4,0,0
BRDA:228,5,0,0
BRDA:228,5,1,0
BRDA:233,6,0,0
BRDA:233,6,1,0
BRDA:239,7,0,0
BRDA:239,7,1,0
BRDA:286,8,0,0
BRDA:286,9,0,0
BRDA:286,9,1,0
BRDA:296,10,0,0
BRDA:296,10,1,0
BRDA:296,11,0,0
BRDA:296,11,1,0
BRDA:316,12,0,0
BRDA:316,13,0,0
BRDA:316,13,1,0
BRDA:318,14,0,0
BRDA:318,15,0,0
BRDA:318,15,1,0
BRDA:318,15,2,0
BRDA:329,16,0,0
BRDA:338,17,0,0
BRDA:338,17,1,0
BRDA:362,18,0,0
BRDA:362,18,1,0
BRDA:382,19,0,0
BRDA:382,19,1,0
BRDA:387,20,0,0
BRDA:397,21,0,0
BRDA:431,22,0,0
BRDA:431,22,1,0
BRDA:436,23,0,0
BRDA:436,23,1,0
BRDA:436,23,2,0
BRDA:439,24,0,0
BRDA:439,24,1,0
BRDA:442,25,0,0
BRDA:442,25,1,0
BRDA:450,26,0,0
BRDA:450,26,1,0
BRDA:459,27,0,0
BRDA:459,27,1,0
BRDA:495,28,0,0
BRDA:495,28,1,0
BRDA:495,28,2,0
BRDA:513,29,0,0
BRDA:513,29,1,0
BRDA:513,29,2,0
BRDA:513,29,3,0
BRF:56
BRH:0
end_of_record
TN:
SF:src\components\QuestManagement.tsx
FN:42,(anonymous_9)
FN:65,(anonymous_10)
FN:74,(anonymous_11)
FN:90,(anonymous_12)
FN:105,(anonymous_13)
FN:113,(anonymous_14)
FN:129,(anonymous_15)
FN:173,(anonymous_16)
FN:197,(anonymous_17)
FN:197,(anonymous_18)
FN:202,(anonymous_19)
FN:219,(anonymous_20)
FN:228,(anonymous_21)
FN:231,(anonymous_22)
FN:231,(anonymous_23)
FN:248,(anonymous_24)
FN:253,(anonymous_25)
FN:253,(anonymous_26)
FN:263,(anonymous_27)
FN:273,(anonymous_28)
FN:283,(anonymous_29)
FN:293,(anonymous_30)
FN:299,(anonymous_31)
FN:305,(anonymous_32)
FN:336,(anonymous_33)
FN:341,(anonymous_34)
FN:345,(anonymous_35)
FN:365,(anonymous_36)
FN:365,(anonymous_37)
FN:379,(anonymous_38)
FN:379,(anonymous_39)
FN:396,(anonymous_40)
FN:398,(anonymous_41)
FN:423,(anonymous_42)
FN:423,(anonymous_43)
FN:442,(anonymous_44)
FN:442,(anonymous_45)
FNF:37
FNH:0
FNDA:0,(anonymous_9)
FNDA:0,(anonymous_10)
FNDA:0,(anonymous_11)
FNDA:0,(anonymous_12)
FNDA:0,(anonymous_13)
FNDA:0,(anonymous_14)
FNDA:0,(anonymous_15)
FNDA:0,(anonymous_16)
FNDA:0,(anonymous_17)
FNDA:0,(anonymous_18)
FNDA:0,(anonymous_19)
FNDA:0,(anonymous_20)
FNDA:0,(anonymous_21)
FNDA:0,(anonymous_22)
FNDA:0,(anonymous_23)
FNDA:0,(anonymous_24)
FNDA:0,(anonymous_25)
FNDA:0,(anonymous_26)
FNDA:0,(anonymous_27)
FNDA:0,(anonymous_28)
FNDA:0,(anonymous_29)
FNDA:0,(anonymous_30)
FNDA:0,(anonymous_31)
FNDA:0,(anonymous_32)
FNDA:0,(anonymous_33)
FNDA:0,(anonymous_34)
FNDA:0,(anonymous_35)
FNDA:0,(anonymous_36)
FNDA:0,(anonymous_37)
FNDA:0,(anonymous_38)
FNDA:0,(anonymous_39)
FNDA:0,(anonymous_40)
FNDA:0,(anonymous_41)
FNDA:0,(anonymous_42)
FNDA:0,(anonymous_43)
FNDA:0,(anonymous_44)
FNDA:0,(anonymous_45)
DA:8,0
DA:9,0
DA:22,0
DA:23,0
DA:42,0
DA:43,0
DA:46,0
DA:47,0
DA:48,0
DA:51,0
DA:52,0
DA:53,0
DA:62,0
DA:65,0
DA:66,0
DA:67,0
DA:74,0
DA:75,0
DA:76,0
DA:77,0
DA:78,0
DA:80,0
DA:81,0
DA:83,0
DA:90,0
DA:91,0
DA:98,0
DA:99,0
DA:105,0
DA:106,0
DA:107,0
DA:113,0
DA:114,0
DA:121,0
DA:122,0
DA:123,0
DA:129,0
DA:130,0
DA:133,0
DA:134,0
DA:135,0
DA:136,0
DA:137,0
DA:138,0
DA:142,0
DA:143,0
DA:144,0
DA:145,0
DA:146,0
DA:147,0
DA:151,0
DA:152,0
DA:153,0
DA:154,0
DA:158,0
DA:159,0
DA:160,0
DA:161,0
DA:162,0
DA:163,0
DA:166,0
DA:167,0
DA:173,0
DA:174,0
DA:175,0
DA:178,0
DA:179,0
DA:180,0
DA:183,0
DA:184,0
DA:186,0
DA:194,0
DA:196,0
DA:197,0
DA:198,0
DA:201,0
DA:202,0
DA:203,0
DA:206,0
DA:207,0
DA:209,0
DA:210,0
DA:212,0
DA:219,0
DA:220,0
DA:229,0
DA:230,0
DA:231,0
DA:232,0
DA:234,0
DA:236,0
DA:237,0
DA:248,0
DA:249,0
DA:250,0
DA:253,0
DA:255,0
DA:256,0
DA:263,0
DA:264,0
DA:265,0
DA:266,0
DA:267,0
DA:273,0
DA:274,0
DA:275,0
DA:276,0
DA:277,0
DA:283,0
DA:284,0
DA:293,0
DA:299,0
DA:305,0
DA:336,0
DA:337,0
DA:341,0
DA:345,0
DA:365,0
DA:379,0
DA:397,0
DA:398,0
DA:423,0
DA:442,0
DA:457,0
DA:458,0
DA:470,0
DA:509,0
DA:786,0
LF:128
LH:0
BRDA:66,0,0,0
BRDA:133,1,0,0
BRDA:133,1,1,0
BRDA:135,2,0,0
BRDA:135,2,1,0
BRDA:137,3,0,0
BRDA:142,4,0,0
BRDA:142,4,1,0
BRDA:144,5,0,0
BRDA:144,5,1,0
BRDA:146,6,0,0
BRDA:151,7,0,0
BRDA:151,7,1,0
BRDA:151,8,0,0
BRDA:151,8,1,0
BRDA:153,9,0,0
BRDA:158,10,0,0
BRDA:158,10,1,0
BRDA:160,11,0,0
BRDA:160,11,1,0
BRDA:162,12,0,0
BRDA:174,13,0,0
BRDA:178,14,0,0
BRDA:194,15,0,0
BRDA:194,15,1,0
BRDA:197,16,0,0
BRDA:197,16,1,0
BRDA:232,17,0,0
BRDA:232,17,1,0
BRDA:253,18,0,0
BRDA:253,18,1,0
BRDA:264,19,0,0
BRDA:265,20,0,0
BRDA:266,21,0,0
BRDA:274,22,0,0
BRDA:275,23,0,0
BRDA:276,24,0,0
BRDA:284,25,0,0
BRDA:284,25,1,0
BRDA:287,26,0,0
BRDA:287,26,1,0
BRDA:295,27,0,0
BRDA:295,27,1,0
BRDA:320,28,0,0
BRDA:320,28,1,0
BRDA:326,29,0,0
BRDA:326,29,1,0
BRDA:349,30,0,0
BRDA:349,30,1,0
BRDA:352,31,0,0
BRDA:352,31,1,0
BRDA:353,32,0,0
BRDA:353,32,1,0
BRDA:363,33,0,0
BRDA:363,33,1,0
BRDA:370,34,0,0
BRDA:370,34,1,0
BRDA:377,35,0,0
BRDA:377,35,1,0
BRDA:386,36,0,0
BRDA:386,36,1,0
BRDA:394,37,0,0
BRDA:394,37,1,0
BRDA:397,38,0,0
BRDA:397,38,1,0
BRDA:411,39,0,0
BRDA:411,39,1,0
BRDA:421,40,0,0
BRDA:421,40,1,0
BRDA:430,41,0,0
BRDA:430,41,1,0
BRDA:444,42,0,0
BRDA:444,42,1,0
BRDA:457,43,0,0
BRDA:483,44,0,0
BRDA:483,44,1,0
BRDA:490,45,0,0
BRDA:490,45,1,0
BRF:78
BRH:0
end_of_record
TN:
SF:src\components\WalletCard.tsx
FN:40,(anonymous_9)
FN:57,(anonymous_10)
FN:86,(anonymous_11)
FN:103,(anonymous_12)
FNF:4
FNH:0
FNDA:0,(anonymous_9)
FNDA:0,(anonymous_10)
FNDA:0,(anonymous_11)
FNDA:0,(anonymous_12)
DA:7,0
DA:8,0
DA:17,0
DA:19,0
DA:22,0
DA:40,0
DA:45,0
DA:48,0
DA:49,0
DA:50,0
DA:51,0
DA:54,0
DA:57,0
DA:58,0
DA:60,0
DA:68,0
DA:81,0
DA:86,0
DA:87,0
DA:88,0
DA:102,0
DA:103,0
DA:105,0
DA:110,0
DA:113,0
DA:120,0
DA:126,0
DA:212,0
DA:413,0
LF:29
LH:0
BRDA:42,0,0,0
BRDA:43,1,0,0
BRDA:58,2,0,0
BRDA:87,3,0,0
BRDA:87,3,1,0
BRDA:135,4,0,0
BRDA:135,4,1,0
BRDA:139,5,0,0
BRDA:139,5,1,0
BRDA:144,6,0,0
BRDA:144,6,1,0
BRDA:145,7,0,0
BRDA:145,7,1,0
BRDA:147,8,0,0
BRDA:147,8,1,0
BRDA:148,9,0,0
BRDA:148,9,1,0
BRDA:153,10,0,0
BRDA:153,10,1,0
BRDA:175,11,0,0
BRDA:175,11,1,0
BRDA:180,12,0,0
BRDA:180,12,1,0
BRDA:185,13,0,0
BRDA:185,13,1,0
BRDA:195,14,0,0
BRDA:195,14,1,0
BRF:27
BRH:0
end_of_record
TN:
SF:src\context\AuthContext.tsx
FN:23,(anonymous_9)
FN:34,(anonymous_10)
FN:39,(anonymous_11)
FN:55,(anonymous_12)
FN:63,(anonymous_13)
FN:129,(anonymous_14)
FN:157,(anonymous_15)
FN:186,(anonymous_16)
FN:217,(anonymous_17)
FN:244,(anonymous_18)
FN:268,(anonymous_19)
FN:275,(anonymous_20)
FN:282,(anonymous_21)
FN:321,(anonymous_22)
FN:335,(anonymous_23)
FN:339,(anonymous_24)
FNF:16
FNH:0
FNDA:0,(anonymous_9)
FNDA:0,(anonymous_10)
FNDA:0,(anonymous_11)
FNDA:0,(anonymous_12)
FNDA:0,(anonymous_13)
FNDA:0,(anonymous_14)
FNDA:0,(anonymous_15)
FNDA:0,(anonymous_16)
FNDA:0,(anonymous_17)
FNDA:0,(anonymous_18)
FNDA:0,(anonymous_19)
FNDA:0,(anonymous_20)
FNDA:0,(anonymous_21)
FNDA:0,(anonymous_22)
FNDA:0,(anonymous_23)
FNDA:0,(anonymous_24)
DA:6,0
DA:8,0
DA:12,0
DA:23,0
DA:24,0
DA:25,0
DA:26,0
DA:27,0
DA:29,0
DA:34,0
DA:35,0
DA:38,0
DA:40,0
DA:42,0
DA:43,0
DA:46,0
DA:47,0
DA:48,0
DA:51,0
DA:55,0
DA:56,0
DA:63,0
DA:64,0
DA:65,0
DA:68,0
DA:70,0
DA:71,0
DA:74,0
DA:80,0
DA:88,0
DA:89,0
DA:90,0
DA:91,0
DA:95,0
DA:97,0
DA:98,0
DA:101,0
DA:104,0
DA:105,0
DA:111,0
DA:119,0
DA:120,0
DA:122,0
DA:129,0
DA:130,0
DA:131,0
DA:132,0
DA:135,0
DA:137,0
DA:138,0
DA:141,0
DA:142,0
DA:145,0
DA:146,0
DA:149,0
DA:157,0
DA:158,0
DA:159,0
DA:171,0
DA:172,0
DA:173,0
DA:176,0
DA:178,0
DA:179,0
DA:186,0
DA:187,0
DA:188,0
DA:191,0
DA:192,0
DA:195,0
DA:196,0
DA:200,0
DA:202,0
DA:204,0
DA:207,0
DA:208,0
DA:210,0
DA:217,0
DA:218,0
DA:219,0
DA:222,0
DA:223,0
DA:227,0
DA:229,0
DA:231,0
DA:234,0
DA:235,0
DA:237,0
DA:244,0
DA:245,0
DA:246,0
DA:249,0
DA:252,0
DA:253,0
DA:254,0
DA:256,0
DA:258,0
DA:259,0
DA:261,0
DA:268,0
DA:269,0
DA:275,0
DA:276,0
DA:282,0
DA:283,0
DA:285,0
DA:286,0
DA:287,0
DA:288,0
DA:291,0
DA:292,0
DA:297,0
DA:310,0
DA:321,0
DA:322,0
DA:324,0
DA:325,0
DA:328,0
DA:335,0
DA:339,0
DA:340,0
DA:342,0
DA:344,0
DA:347,0
DA:349,0
DA:350,0
DA:353,0
DA:357,0
LF:128
LH:0
BRDA:42,0,0,0
BRDA:42,0,1,0
BRDA:68,1,0,0
BRDA:68,1,1,0
BRDA:70,2,0,0
BRDA:97,3,0,0
BRDA:137,4,0,0
BRDA:137,4,1,0
BRDA:141,5,0,0
BRDA:141,5,1,0
BRDA:171,6,0,0
BRDA:191,7,0,0
BRDA:191,8,0,0
BRDA:191,8,1,0
BRDA:195,9,0,0
BRDA:202,10,0,0
BRDA:202,11,0,0
BRDA:202,11,1,0
BRDA:222,12,0,0
BRDA:222,13,0,0
BRDA:222,13,1,0
BRDA:229,14,0,0
BRDA:229,15,0,0
BRDA:229,15,1,0
BRDA:276,16,0,0
BRDA:276,16,1,0
BRDA:283,17,0,0
BRDA:287,18,0,0
BRDA:324,19,0,0
BRDA:342,20,0,0
BRDA:347,21,0,0
BRF:31
BRH:0
end_of_record
TN:
SF:src\context\ThemeContext.tsx
FN:28,(anonymous_9)
FN:49,(anonymous_10)
FNF:2
FNH:0
FNDA:0,(anonymous_9)
FNDA:0,(anonymous_10)
DA:6,0
DA:7,0
DA:22,0
DA:28,0
DA:29,0
DA:42,0
DA:49,0
DA:50,0
DA:51,0
DA:52,0
DA:54,0
DA:57,0
LF:12
LH:0
BRDA:51,0,0,0
BRF:1
BRH:0
end_of_record
TN:
SF:src\context\WalletContext.tsx
FN:27,(anonymous_9)
FN:47,(anonymous_10)
FN:57,(anonymous_11)
FN:65,(anonymous_12)
FN:143,(anonymous_13)
FN:163,(anonymous_14)
FN:227,(anonymous_15)
FN:235,(anonymous_16)
FN:243,(anonymous_17)
FN:245,(anonymous_18)
FN:260,(anonymous_19)
FN:274,(anonymous_20)
FN:287,(anonymous_21)
FN:330,(anonymous_22)
FN:367,(anonymous_23)
FN:383,(anonymous_24)
FN:430,(anonymous_25)
FN:467,(anonymous_26)
FN:483,(anonymous_27)
FN:526,(anonymous_28)
FN:552,(anonymous_29)
FN:563,(anonymous_30)
FN:590,(anonymous_31)
FN:593,(anonymous_32)
FN:603,(anonymous_33)
FN:612,(anonymous_34)
FN:615,(anonymous_35)
FN:624,(anonymous_36)
FN:628,(anonymous_37)
FN:665,(anonymous_38)
FN:679,(anonymous_39)
FN:682,(anonymous_40)
FNF:32
FNH:0
FNDA:0,(anonymous_9)
FNDA:0,(anonymous_10)
FNDA:0,(anonymous_11)
FNDA:0,(anonymous_12)
FNDA:0,(anonymous_13)
FNDA:0,(anonymous_14)
FNDA:0,(anonymous_15)
FNDA:0,(anonymous_16)
FNDA:0,(anonymous_17)
FNDA:0,(anonymous_18)
FNDA:0,(anonymous_19)
FNDA:0,(anonymous_20)
FNDA:0,(anonymous_21)
FNDA:0,(anonymous_22)
FNDA:0,(anonymous_23)
FNDA:0,(anonymous_24)
FNDA:0,(anonymous_25)
FNDA:0,(anonymous_26)
FNDA:0,(anonymous_27)
FNDA:0,(anonymous_28)
FNDA:0,(anonymous_29)
FNDA:0,(anonymous_30)
FNDA:0,(anonymous_31)
FNDA:0,(anonymous_32)
FNDA:0,(anonymous_33)
FNDA:0,(anonymous_34)
FNDA:0,(anonymous_35)
FNDA:0,(anonymous_36)
FNDA:0,(anonymous_37)
FNDA:0,(anonymous_38)
FNDA:0,(anonymous_39)
FNDA:0,(anonymous_40)
DA:6,0
DA:8,0
DA:10,0
DA:11,0
DA:12,0
DA:13,0
DA:16,0
DA:27,0
DA:28,0
DA:29,0
DA:30,0
DA:31,0
DA:32,0
DA:33,0
DA:34,0
DA:35,0
DA:36,0
DA:39,0
DA:40,0
DA:42,0
DA:47,0
DA:48,0
DA:49,0
DA:50,0
DA:53,0
DA:57,0
DA:58,0
DA:65,0
DA:66,0
DA:68,0
DA:69,0
DA:72,0
DA:74,0
DA:75,0
DA:78,0
DA:79,0
DA:80,0
DA:83,0
DA:102,0
DA:103,0
DA:104,0
DA:105,0
DA:110,0
DA:111,0
DA:112,0
DA:115,0
DA:116,0
DA:119,0
DA:120,0
DA:121,0
DA:124,0
DA:126,0
DA:129,0
DA:130,0
DA:131,0
DA:132,0
DA:133,0
DA:134,0
DA:136,0
DA:143,0
DA:144,0
DA:145,0
DA:147,0
DA:149,0
DA:150,0
DA:158,0
DA:161,0
DA:165,0
DA:167,0
DA:175,0
DA:177,0
DA:178,0
DA:179,0
DA:180,0
DA:181,0
DA:182,0
DA:184,0
DA:186,0
DA:192,0
DA:193,0
DA:199,0
DA:206,0
DA:209,0
DA:210,0
DA:213,0
DA:218,0
DA:219,0
DA:223,0
DA:227,0
DA:228,0
DA:231,0
DA:233,0
DA:235,0
DA:236,0
DA:237,0
DA:238,0
DA:239,0
DA:243,0
DA:244,0
DA:245,0
DA:248,0
DA:249,0
DA:251,0
DA:253,0
DA:260,0
DA:261,0
DA:262,0
DA:263,0
DA:265,0
DA:266,0
DA:267,0
DA:274,0
DA:275,0
DA:276,0
DA:277,0
DA:278,0
DA:279,0
DA:280,0
DA:287,0
DA:288,0
DA:289,0
DA:292,0
DA:293,0
DA:296,0
DA:297,0
DA:300,0
DA:301,0
DA:304,0
DA:306,0
DA:316,0
DA:319,0
DA:320,0
DA:322,0
DA:328,0
DA:329,0
DA:330,0
DA:333,0
DA:336,0
DA:337,0
DA:340,0
DA:343,0
DA:345,0
DA:350,0
DA:351,0
DA:353,0
DA:354,0
DA:357,0
DA:367,0
DA:369,0
DA:372,0
DA:373,0
DA:375,0
DA:383,0
DA:384,0
DA:385,0
DA:388,0
DA:389,0
DA:392,0
DA:393,0
DA:396,0
DA:397,0
DA:400,0
DA:401,0
DA:404,0
DA:406,0
DA:416,0
DA:419,0
DA:420,0
DA:422,0
DA:428,0
DA:429,0
DA:430,0
DA:433,0
DA:436,0
DA:437,0
DA:440,0
DA:443,0
DA:445,0
DA:450,0
DA:451,0
DA:453,0
DA:454,0
DA:457,0
DA:467,0
DA:469,0
DA:472,0
DA:473,0
DA:475,0
DA:483,0
DA:484,0
DA:485,0
DA:488,0
DA:489,0
DA:492,0
DA:493,0
DA:496,0
DA:497,0
DA:500,0
DA:503,0
DA:505,0
DA:514,0
DA:518,0
DA:520,0
DA:525,0
DA:526,0
DA:529,0
DA:531,0
DA:534,0
DA:536,0
DA:539,0
DA:540,0
DA:543,0
DA:552,0
DA:554,0
DA:557,0
DA:558,0
DA:560,0
DA:563,0
DA:564,0
DA:565,0
DA:568,0
DA:569,0
DA:572,0
DA:575,0
DA:576,0
DA:578,0
DA:580,0
DA:581,0
DA:583,0
DA:590,0
DA:591,0
DA:593,0
DA:594,0
DA:595,0
DA:596,0
DA:601,0
DA:603,0
DA:604,0
DA:612,0
DA:613,0
DA:615,0
DA:616,0
DA:617,0
DA:619,0
DA:624,0
DA:625,0
DA:628,0
DA:629,0
DA:635,0
DA:654,0
DA:665,0
DA:666,0
DA:668,0
DA:669,0
DA:672,0
DA:679,0
DA:682,0
DA:683,0
DA:685,0
DA:687,0
DA:690,0
DA:692,0
DA:693,0
DA:696,0
DA:700,0
LF:265
LH:0
BRDA:48,0,0,0
BRDA:48,0,1,0
BRDA:66,1,0,0
BRDA:72,2,0,0
BRDA:72,2,1,0
BRDA:74,3,0,0
BRDA:74,4,0,0
BRDA:74,4,1,0
BRDA:119,5,0,0
BRDA:149,6,0,0
BRDA:149,6,1,0
BRDA:175,7,0,0
BRDA:175,7,1,0
BRDA:178,8,0,0
BRDA:179,9,0,0
BRDA:192,10,0,0
BRDA:192,10,1,0
BRDA:210,11,0,0
BRDA:210,12,0,0
BRDA:210,12,1,0
BRDA:210,12,2,0
BRDA:218,13,0,0
BRDA:228,14,0,0
BRDA:261,15,0,0
BRDA:265,16,0,0
BRDA:288,17,0,0
BRDA:288,18,0,0
BRDA:288,18,1,0
BRDA:292,19,0,0
BRDA:296,20,0,0
BRDA:304,21,0,0
BRDA:304,21,1,0
BRDA:336,22,0,0
BRDA:384,23,0,0
BRDA:384,24,0,0
BRDA:384,24,1,0
BRDA:388,25,0,0
BRDA:392,26,0,0
BRDA:396,27,0,0
BRDA:404,28,0,0
BRDA:404,28,1,0
BRDA:436,29,0,0
BRDA:484,30,0,0
BRDA:484,31,0,0
BRDA:484,31,1,0
BRDA:488,32,0,0
BRDA:492,33,0,0
BRDA:503,34,0,0
BRDA:503,34,1,0
BRDA:564,35,0,0
BRDA:591,36,0,0
BRDA:591,37,0,0
BRDA:591,37,1,0
BRDA:594,38,0,0
BRDA:594,39,0,0
BRDA:594,39,1,0
BRDA:613,40,0,0
BRDA:668,41,0,0
BRDA:685,42,0,0
BRDA:690,43,0,0
BRDA:690,44,0,0
BRDA:690,44,1,0
BRF:62
BRH:0
end_of_record
TN:
SF:src\hooks\useAppState.ts
FN:33,(anonymous_1)
FN:47,(anonymous_2)
FN:53,(anonymous_3)
FN:62,(anonymous_4)
FN:66,(anonymous_5)
FN:73,(anonymous_6)
FN:111,(anonymous_7)
FN:132,(anonymous_8)
FN:183,(anonymous_9)
FN:201,(anonymous_10)
FN:242,(anonymous_11)
FN:267,(anonymous_12)
FN:270,(anonymous_13)
FN:315,(anonymous_14)
FN:325,(anonymous_15)
FNF:15
FNH:0
FNDA:0,(anonymous_1)
FNDA:0,(anonymous_2)
FNDA:0,(anonymous_3)
FNDA:0,(anonymous_4)
FNDA:0,(anonymous_5)
FNDA:0,(anonymous_6)
FNDA:0,(anonymous_7)
FNDA:0,(anonymous_8)
FNDA:0,(anonymous_9)
FNDA:0,(anonymous_10)
FNDA:0,(anonymous_11)
FNDA:0,(anonymous_12)
FNDA:0,(anonymous_13)
FNDA:0,(anonymous_14)
FNDA:0,(anonymous_15)
DA:11,0
DA:12,0
DA:13,0
DA:14,0
DA:18,0
DA:19,0
DA:33,0
DA:34,0
DA:35,0
DA:36,0
DA:37,0
DA:40,0
DA:41,0
DA:42,0
DA:47,0
DA:48,0
DA:51,0
DA:53,0
DA:54,0
DA:55,0
DA:62,0
DA:63,0
DA:66,0
DA:67,0
DA:73,0
DA:74,0
DA:75,0
DA:76,0
DA:77,0
DA:80,0
DA:81,0
DA:82,0
DA:83,0
DA:85,0
DA:86,0
DA:87,0
DA:92,0
DA:94,0
DA:99,0
DA:103,0
DA:111,0
DA:112,0
DA:114,0
DA:117,0
DA:118,0
DA:122,0
DA:123,0
DA:126,0
DA:132,0
DA:133,0
DA:135,0
DA:137,0
DA:138,0
DA:139,0
DA:141,0
DA:144,0
DA:145,0
DA:146,0
DA:153,0
DA:159,0
DA:160,0
DA:162,0
DA:164,0
DA:169,0
DA:173,0
DA:174,0
DA:176,0
DA:183,0
DA:184,0
DA:186,0
DA:188,0
DA:189,0
DA:190,0
DA:192,0
DA:201,0
DA:202,0
DA:203,0
DA:207,0
DA:208,0
DA:212,0
DA:213,0
DA:216,0
DA:223,0
DA:224,0
DA:227,0
DA:228,0
DA:230,0
DA:234,0
DA:236,0
DA:242,0
DA:243,0
DA:244,0
DA:249,0
DA:250,0
DA:253,0
DA:254,0
DA:257,0
DA:258,0
DA:260,0
DA:267,0
DA:268,0
DA:270,0
DA:271,0
DA:273,0
DA:274,0
DA:275,0
DA:279,0
DA:280,0
DA:281,0
DA:282,0
DA:285,0
DA:286,0
DA:293,0
DA:298,0
DA:301,0
DA:303,0
DA:305,0
DA:307,0
DA:315,0
DA:316,0
DA:317,0
DA:318,0
DA:325,0
DA:326,0
DA:327,0
DA:330,0
DA:333,0
DA:343,0
LF:128
LH:0
BRDA:76,0,0,0
BRDA:80,1,0,0
BRDA:85,2,0,0
BRDA:117,3,0,0
BRDA:117,4,0,0
BRDA:117,4,1,0
BRDA:122,5,0,0
BRDA:122,6,0,0
BRDA:122,6,1,0
BRDA:135,7,0,0
BRDA:135,8,0,0
BRDA:135,8,1,0
BRDA:144,9,0,0
BRDA:186,10,0,0
BRDA:186,11,0,0
BRDA:186,11,1,0
BRDA:202,12,0,0
BRDA:207,13,0,0
BRDA:212,14,0,0
BRDA:243,15,0,0
BRDA:273,16,0,0
BRDA:273,17,0,0
BRDA:273,17,1,0
BRDA:279,18,0,0
BRDA:316,19,0,0
BRDA:326,20,0,0
BRDA:326,21,0,0
BRDA:326,21,1,0
BRF:28
BRH:0
end_of_record
TN:
SF:src\hooks\useOfflineQueue.ts
FN:39,(anonymous_0)
FN:58,(anonymous_1)
FN:63,(anonymous_2)
FN:79,(anonymous_3)
FN:85,(anonymous_4)
FN:104,(anonymous_5)
FN:127,(anonymous_6)
FN:142,(anonymous_7)
FN:154,(anonymous_8)
FN:169,(anonymous_9)
FN:177,(anonymous_10)
FN:191,(anonymous_11)
FN:201,(anonymous_12)
FN:206,(anonymous_13)
FN:220,(anonymous_14)
FN:221,(anonymous_15)
FN:239,(anonymous_16)
FN:248,(anonymous_17)
FN:264,(anonymous_18)
FN:265,(anonymous_19)
FNF:20
FNH:0
FNDA:0,(anonymous_0)
FNDA:0,(anonymous_1)
FNDA:0,(anonymous_2)
FNDA:0,(anonymous_3)
FNDA:0,(anonymous_4)
FNDA:0,(anonymous_5)
FNDA:0,(anonymous_6)
FNDA:0,(anonymous_7)
FNDA:0,(anonymous_8)
FNDA:0,(anonymous_9)
FNDA:0,(anonymous_10)
FNDA:0,(anonymous_11)
FNDA:0,(anonymous_12)
FNDA:0,(anonymous_13)
FNDA:0,(anonymous_14)
FNDA:0,(anonymous_15)
FNDA:0,(anonymous_16)
FNDA:0,(anonymous_17)
FNDA:0,(anonymous_18)
FNDA:0,(anonymous_19)
DA:7,0
DA:8,0
DA:9,0
DA:10,0
DA:39,0
DA:40,0
DA:41,0
DA:48,0
DA:51,0
DA:52,0
DA:53,0
DA:58,0
DA:59,0
DA:60,0
DA:62,0
DA:63,0
DA:72,0
DA:79,0
DA:80,0
DA:81,0
DA:82,0
DA:84,0
DA:85,0
DA:92,0
DA:93,0
DA:94,0
DA:97,0
DA:104,0
DA:113,0
DA:114,0
DA:122,0
DA:125,0
DA:127,0
DA:128,0
DA:132,0
DA:134,0
DA:135,0
DA:142,0
DA:143,0
DA:144,0
DA:147,0
DA:148,0
DA:149,0
DA:152,0
DA:153,0
DA:154,0
DA:157,0
DA:160,0
DA:162,0
DA:163,0
DA:165,0
DA:166,0
DA:168,0
DA:169,0
DA:177,0
DA:178,0
DA:180,0
DA:181,0
DA:184,0
DA:191,0
DA:193,0
DA:194,0
DA:196,0
DA:197,0
DA:201,0
DA:202,0
DA:206,0
DA:207,0
DA:208,0
DA:209,0
DA:211,0
DA:220,0
DA:221,0
DA:222,0
DA:223,0
DA:224,0
DA:225,0
DA:227,0
DA:229,0
DA:233,0
DA:239,0
DA:240,0
DA:243,0
DA:246,0
DA:248,0
DA:249,0
DA:252,0
DA:253,0
DA:255,0
DA:256,0
DA:264,0
DA:265,0
DA:266,0
DA:269,0
DA:270,0
DA:272,0
DA:273,0
DA:278,0
DA:287,0
LF:99
LH:0
BRDA:62,0,0,0
BRDA:84,1,0,0
BRDA:92,2,0,0
BRDA:92,3,0,0
BRDA:92,3,1,0
BRDA:92,3,2,0
BRDA:125,4,0,0
BRDA:125,5,0,0
BRDA:125,5,1,0
BRDA:143,6,0,0
BRDA:147,7,0,0
BRDA:153,8,0,0
BRDA:168,9,0,0
BRDA:178,10,0,0
BRDA:178,11,0,0
BRDA:178,11,1,0
BRDA:193,12,0,0
BRDA:196,13,0,0
BRDA:207,14,0,0
BRDA:207,15,0,0
BRDA:207,15,1,0
BRDA:207,15,2,0
BRDA:207,15,3,0
BRDA:240,16,0,0
BRDA:252,17,0,0
BRDA:255,18,0,0
BRDA:269,19,0,0
BRDA:272,20,0,0
BRF:28
BRH:0
end_of_record
TN:
SF:src\lib\config.ts
FN:27,(anonymous_0)
FN:34,(anonymous_1)
FNF:2
FNH:0
FNDA:0,(anonymous_0)
FNDA:0,(anonymous_1)
DA:7,0
DA:13,0
DA:19,0
DA:27,0
DA:28,0
DA:34,0
DA:36,0
DA:37,0
DA:38,0
DA:41,0
DA:45,0
LF:11
LH:0
BRDA:8,0,0,0
BRDA:8,0,1,0
BRDA:9,1,0,0
BRDA:9,1,1,0
BRDA:14,2,0,0
BRDA:14,2,1,0
BRDA:36,3,0,0
BRF:7
BRH:0
end_of_record
TN:
SF:src\lib\dataIntegrity.ts
FN:43,(anonymous_1)
FN:84,(anonymous_2)
FN:120,(anonymous_3)
FN:155,(anonymous_4)
FN:187,(anonymous_5)
FN:195,(anonymous_6)
FN:196,(anonymous_7)
FN:197,(anonymous_8)
FN:238,(anonymous_9)
FN:259,(anonymous_10)
FN:298,(anonymous_11)
FN:303,(anonymous_12)
FN:304,(anonymous_13)
FN:306,(anonymous_14)
FN:307,(anonymous_15)
FN:356,(anonymous_16)
FN:379,(anonymous_17)
FN:393,(anonymous_18)
FN:450,(anonymous_19)
FN:466,(anonymous_20)
FN:500,(anonymous_21)
FN:501,(anonymous_22)
FN:505,(anonymous_23)
FN:509,(anonymous_24)
FN:513,(anonymous_25)
FN:517,(anonymous_26)
FNF:26
FNH:0
FNDA:0,(anonymous_1)
FNDA:0,(anonymous_2)
FNDA:0,(anonymous_3)
FNDA:0,(anonymous_4)
FNDA:0,(anonymous_5)
FNDA:0,(anonymous_6)
FNDA:0,(anonymous_7)
FNDA:0,(anonymous_8)
FNDA:0,(anonymous_9)
FNDA:0,(anonymous_10)
FNDA:0,(anonymous_11)
FNDA:0,(anonymous_12)
FNDA:0,(anonymous_13)
FNDA:0,(anonymous_14)
FNDA:0,(anonymous_15)
FNDA:0,(anonymous_16)
FNDA:0,(anonymous_17)
FNDA:0,(anonymous_18)
FNDA:0,(anonymous_19)
FNDA:0,(anonymous_20)
FNDA:0,(anonymous_21)
FNDA:0,(anonymous_22)
FNDA:0,(anonymous_23)
FNDA:0,(anonymous_24)
FNDA:0,(anonymous_25)
FNDA:0,(anonymous_26)
DA:6,0
DA:9,0
DA:34,0
DA:35,0
DA:36,0
DA:37,0
DA:38,0
DA:47,0
DA:48,0
DA:50,0
DA:52,0
DA:53,0
DA:54,0
DA:55,0
DA:60,0
DA:61,0
DA:62,0
DA:63,0
DA:68,0
DA:69,0
DA:70,0
DA:74,0
DA:75,0
DA:78,0
DA:80,0
DA:84,0
DA:88,0
DA:96,0
DA:98,0
DA:100,0
DA:107,0
DA:125,0
DA:126,0
DA:139,0
DA:142,0
DA:144,0
DA:145,0
DA:147,0
DA:148,0
DA:156,0
DA:157,0
DA:159,0
DA:160,0
DA:161,0
DA:164,0
DA:167,0
DA:168,0
DA:169,0
DA:170,0
DA:173,0
DA:174,0
DA:179,0
DA:180,0
DA:191,0
DA:192,0
DA:195,0
DA:196,0
DA:197,0
DA:200,0
DA:201,0
DA:207,0
DA:208,0
DA:209,0
DA:210,0
DA:215,0
DA:216,0
DA:217,0
DA:218,0
DA:220,0
DA:221,0
DA:222,0
DA:223,0
DA:226,0
DA:232,0
DA:239,0
DA:240,0
DA:241,0
DA:243,0
DA:245,0
DA:246,0
DA:247,0
DA:249,0
DA:252,0
DA:264,0
DA:265,0
DA:266,0
DA:268,0
DA:270,0
DA:272,0
DA:273,0
DA:274,0
DA:277,0
DA:278,0
DA:279,0
DA:282,0
DA:288,0
DA:289,0
DA:299,0
DA:301,0
DA:303,0
DA:304,0
DA:306,0
DA:307,0
DA:308,0
DA:311,0
DA:312,0
DA:322,0
DA:323,0
DA:333,0
DA:334,0
DA:344,0
DA:353,0
DA:357,0
DA:358,0
DA:359,0
DA:361,0
DA:363,0
DA:365,0
DA:366,0
DA:368,0
DA:372,0
DA:373,0
DA:376,0
DA:380,0
DA:381,0
DA:382,0
DA:384,0
DA:385,0
DA:387,0
DA:389,0
DA:394,0
DA:395,0
DA:397,0
DA:399,0
DA:400,0
DA:409,0
DA:410,0
DA:412,0
DA:413,0
DA:417,0
DA:418,0
DA:419,0
DA:420,0
DA:425,0
DA:426,0
DA:427,0
DA:428,0
DA:433,0
DA:441,0
DA:451,0
DA:452,0
DA:453,0
DA:455,0
DA:458,0
DA:460,0
DA:462,0
DA:467,0
DA:468,0
DA:472,0
DA:473,0
DA:478,0
DA:479,0
DA:484,0
DA:485,0
DA:488,0
DA:491,0
DA:492,0
DA:500,0
DA:501,0
DA:502,0
DA:505,0
DA:506,0
DA:509,0
DA:510,0
DA:513,0
DA:514,0
DA:517,0
DA:518,0
DA:521,0
LF:179
LH:0
BRDA:52,0,0,0
BRDA:54,1,0,0
BRDA:62,2,0,0
BRDA:68,3,0,0
BRDA:68,4,0,0
BRDA:68,4,1,0
BRDA:123,5,0,0
BRDA:159,6,0,0
BRDA:168,7,0,0
BRDA:207,8,0,0
BRDA:215,9,0,0
BRDA:217,10,0,0
BRDA:221,11,0,0
BRDA:241,12,0,0
BRDA:245,13,0,0
BRDA:272,14,0,0
BRDA:277,15,0,0
BRDA:311,16,0,0
BRDA:322,17,0,0
BRDA:333,18,0,0
BRDA:365,19,0,0
BRDA:365,19,1,0
BRDA:372,20,0,0
BRDA:382,21,0,0
BRDA:399,22,0,0
BRDA:399,23,0,0
BRDA:399,23,1,0
BRDA:399,23,2,0
BRDA:412,24,0,0
BRDA:417,25,0,0
BRDA:419,26,0,0
BRDA:427,27,0,0
BRDA:453,28,0,0
BRDA:453,28,1,0
BRDA:468,29,0,0
BRDA:468,29,1,0
BRDA:468,29,2,0
BRDA:468,29,3,0
BRF:38
BRH:0
end_of_record
TN:
SF:src\lib\errorHandling.ts
FN:61,(anonymous_0)
FN:75,(anonymous_1)
FN:116,(anonymous_2)
FN:125,(anonymous_3)
FN:131,(anonymous_4)
FN:146,(anonymous_5)
FN:149,(anonymous_6)
FN:151,(anonymous_7)
FN:160,(anonymous_8)
FN:163,(anonymous_9)
FN:164,(anonymous_10)
FN:178,(anonymous_11)
FN:191,(anonymous_12)
FN:225,(anonymous_13)
FN:247,(anonymous_14)
FN:264,(anonymous_15)
FN:290,(anonymous_16)
FN:302,(anonymous_17)
FN:317,(anonymous_18)
FN:373,(anonymous_19)
FN:383,(anonymous_20)
FN:384,(anonymous_21)
FN:406,(anonymous_22)
FN:456,(anonymous_23)
FN:501,(anonymous_24)
FN:517,(anonymous_25)
FN:525,(anonymous_26)
FNF:27
FNH:0
FNDA:0,(anonymous_0)
FNDA:0,(anonymous_1)
FNDA:0,(anonymous_2)
FNDA:0,(anonymous_3)
FNDA:0,(anonymous_4)
FNDA:0,(anonymous_5)
FNDA:0,(anonymous_6)
FNDA:0,(anonymous_7)
FNDA:0,(anonymous_8)
FNDA:0,(anonymous_9)
FNDA:0,(anonymous_10)
FNDA:0,(anonymous_11)
FNDA:0,(anonymous_12)
FNDA:0,(anonymous_13)
FNDA:0,(anonymous_14)
FNDA:0,(anonymous_15)
FNDA:0,(anonymous_16)
FNDA:0,(anonymous_17)
FNDA:0,(anonymous_18)
FNDA:0,(anonymous_19)
FNDA:0,(anonymous_20)
FNDA:0,(anonymous_21)
FNDA:0,(anonymous_22)
FNDA:0,(anonymous_23)
FNDA:0,(anonymous_24)
FNDA:0,(anonymous_25)
FNDA:0,(anonymous_26)
DA:6,0
DA:39,0
DA:40,0
DA:67,0
DA:68,0
DA:69,0
DA:70,0
DA:71,0
DA:72,0
DA:85,0
DA:87,0
DA:88,0
DA:97,0
DA:98,0
DA:99,0
DA:100,0
DA:102,0
DA:106,0
DA:107,0
DA:109,0
DA:111,0
DA:112,0
DA:115,0
DA:116,0
DA:117,0
DA:120,0
DA:125,0
DA:132,0
DA:134,0
DA:136,0
DA:138,0
DA:140,0
DA:142,0
DA:148,0
DA:149,0
DA:150,0
DA:151,0
DA:156,0
DA:160,0
DA:164,0
DA:166,0
DA:177,0
DA:184,0
DA:185,0
DA:186,0
DA:187,0
DA:188,0
DA:196,0
DA:198,0
DA:199,0
DA:207,0
DA:208,0
DA:211,0
DA:212,0
DA:216,0
DA:217,0
DA:218,0
DA:226,0
DA:227,0
DA:229,0
DA:236,0
DA:237,0
DA:244,0
DA:248,0
DA:250,0
DA:252,0
DA:254,0
DA:256,0
DA:258,0
DA:260,0
DA:271,0
DA:272,0
DA:273,0
DA:275,0
DA:278,0
DA:279,0
DA:283,0
DA:284,0
DA:288,0
DA:289,0
DA:290,0
DA:294,0
DA:301,0
DA:309,0
DA:310,0
DA:311,0
DA:312,0
DA:313,0
DA:314,0
DA:323,0
DA:325,0
DA:326,0
DA:335,0
DA:336,0
DA:339,0
DA:340,0
DA:341,0
DA:342,0
DA:344,0
DA:345,0
DA:348,0
DA:349,0
DA:355,0
DA:359,0
DA:360,0
DA:361,0
DA:367,0
DA:373,0
DA:380,0
DA:384,0
DA:385,0
DA:387,0
DA:389,0
DA:391,0
DA:393,0
DA:397,0
DA:398,0
DA:399,0
DA:400,0
DA:402,0
DA:407,0
DA:408,0
DA:416,0
DA:417,0
DA:425,0
DA:426,0
DA:434,0
DA:435,0
DA:444,0
DA:445,0
DA:453,0
DA:457,0
DA:458,0
DA:466,0
DA:467,0
DA:475,0
DA:476,0
DA:484,0
DA:485,0
DA:493,0
DA:500,0
DA:508,0
DA:509,0
DA:510,0
DA:512,0
DA:514,0
DA:515,0
DA:517,0
DA:522,0
DA:526,0
DA:534,0
LF:151
LH:0
BRDA:78,0,0,0
BRDA:81,1,0,0
BRDA:82,2,0,0
BRDA:83,3,0,0
BRDA:84,4,0,0
BRDA:87,5,0,0
BRDA:97,6,0,0
BRDA:97,7,0,0
BRDA:97,7,1,0
BRDA:97,7,2,0
BRDA:106,8,0,0
BRDA:107,9,0,0
BRDA:107,9,1,0
BRDA:111,10,0,0
BRDA:111,11,0,0
BRDA:111,11,1,0
BRDA:115,12,0,0
BRDA:125,13,0,0
BRDA:125,13,1,0
BRDA:132,14,0,0
BRDA:132,14,1,0
BRDA:132,14,2,0
BRDA:132,14,3,0
BRDA:132,14,4,0
BRDA:150,15,0,0
BRDA:181,16,0,0
BRDA:194,17,0,0
BRDA:196,18,0,0
BRDA:196,19,0,0
BRDA:198,20,0,0
BRDA:211,21,0,0
BRDA:211,22,0,0
BRDA:211,22,1,0
BRDA:211,22,2,0
BRDA:216,23,0,0
BRDA:216,23,1,0
BRDA:216,24,0,0
BRDA:216,24,1,0
BRDA:217,25,0,0
BRDA:236,26,0,0
BRDA:236,27,0,0
BRDA:236,27,1,0
BRDA:248,28,0,0
BRDA:248,28,1,0
BRDA:248,28,2,0
BRDA:248,28,3,0
BRDA:248,28,4,0
BRDA:248,28,5,0
BRDA:266,29,0,0
BRDA:267,30,0,0
BRDA:275,31,0,0
BRDA:275,31,1,0
BRDA:278,32,0,0
BRDA:278,33,0,0
BRDA:278,33,1,0
BRDA:278,33,2,0
BRDA:283,34,0,0
BRDA:305,35,0,0
BRDA:306,36,0,0
BRDA:307,37,0,0
BRDA:321,38,0,0
BRDA:323,39,0,0
BRDA:323,40,0,0
BRDA:325,41,0,0
BRDA:339,42,0,0
BRDA:339,43,0,0
BRDA:339,43,1,0
BRDA:339,43,2,0
BRDA:344,44,0,0
BRDA:348,45,0,0
BRDA:359,46,0,0
BRDA:360,47,0,0
BRDA:360,47,1,0
BRDA:372,48,0,0
BRDA:372,48,1,0
BRDA:372,49,0,0
BRDA:372,49,1,0
BRDA:385,50,0,0
BRDA:385,50,1,0
BRDA:385,50,2,0
BRDA:385,50,3,0
BRDA:397,51,0,0
BRDA:397,51,1,0
BRDA:397,52,0,0
BRDA:397,52,1,0
BRDA:399,53,0,0
BRDA:399,53,1,0
BRDA:407,54,0,0
BRDA:416,55,0,0
BRDA:416,56,0,0
BRDA:416,56,1,0
BRDA:425,57,0,0
BRDA:425,58,0,0
BRDA:425,58,1,0
BRDA:434,59,0,0
BRDA:434,60,0,0
BRDA:434,60,1,0
BRDA:444,61,0,0
BRDA:457,62,0,0
BRDA:466,63,0,0
BRDA:466,64,0,0
BRDA:466,64,1,0
BRDA:475,65,0,0
BRDA:475,66,0,0
BRDA:475,66,1,0
BRDA:484,67,0,0
BRDA:504,68,0,0
BRDA:512,69,0,0
BRDA:512,69,1,0
BRDA:514,70,0,0
BRF:110
BRH:0
end_of_record
TN:
SF:src\lib\gemini.ts
FN:19,(anonymous_0)
FN:31,(anonymous_1)
FN:33,(anonymous_2)
FN:55,(anonymous_3)
FN:123,(anonymous_4)
FN:124,(anonymous_5)
FN:251,(anonymous_6)
FN:259,(anonymous_7)
FN:269,(anonymous_8)
FNF:9
FNH:0
FNDA:0,(anonymous_0)
FNDA:0,(anonymous_1)
FNDA:0,(anonymous_2)
FNDA:0,(anonymous_3)
FNDA:0,(anonymous_4)
FNDA:0,(anonymous_5)
FNDA:0,(anonymous_6)
FNDA:0,(anonymous_7)
FNDA:0,(anonymous_8)
DA:6,0
DA:7,0
DA:9,0
DA:12,0
DA:19,0
DA:20,0
DA:22,0
DA:24,0
DA:28,0
DA:29,0
DA:31,0
DA:32,0
DA:33,0
DA:34,0
DA:36,0
DA:37,0
DA:39,0
DA:40,0
DA:43,0
DA:55,0
DA:61,0
DA:63,0
DA:64,0
DA:71,0
DA:72,0
DA:81,0
DA:82,0
DA:84,0
DA:93,0
DA:96,0
DA:115,0
DA:123,0
DA:124,0
DA:125,0
DA:133,0
DA:136,0
DA:137,0
DA:139,0
DA:140,0
DA:144,0
DA:152,0
DA:153,0
DA:157,0
DA:158,0
DA:159,0
DA:160,0
DA:163,0
DA:166,0
DA:170,0
DA:173,0
DA:180,0
DA:181,0
DA:183,0
DA:190,0
DA:194,0
DA:195,0
DA:197,0
DA:202,0
DA:204,0
DA:211,0
DA:213,0
DA:218,0
DA:225,0
DA:230,0
DA:231,0
DA:238,0
DA:251,0
DA:258,0
DA:259,0
DA:269,0
DA:270,0
DA:271,0
DA:272,0
DA:275,0
DA:276,0
DA:277,0
DA:279,0
DA:281,0
LF:78
LH:0
BRDA:22,0,0,0
BRDA:43,1,0,0
BRDA:43,1,1,0
BRDA:63,2,0,0
BRDA:63,3,0,0
BRDA:63,3,1,0
BRDA:63,3,2,0
BRDA:71,4,0,0
BRDA:88,5,0,0
BRDA:88,5,1,0
BRDA:139,6,0,0
BRDA:139,7,0,0
BRDA:139,7,1,0
BRDA:148,8,0,0
BRDA:148,8,1,0
BRDA:159,9,0,0
BRDA:166,10,0,0
BRDA:166,11,0,0
BRDA:166,11,1,0
BRDA:166,11,2,0
BRDA:166,11,3,0
BRDA:176,12,0,0
BRDA:176,12,1,0
BRDA:180,13,0,0
BRDA:180,13,1,0
BRDA:185,14,0,0
BRDA:185,14,1,0
BRDA:194,15,0,0
BRDA:194,16,0,0
BRDA:194,16,1,0
BRDA:202,17,0,0
BRDA:211,18,0,0
BRDA:220,19,0,0
BRDA:220,19,1,0
BRDA:222,20,0,0
BRDA:222,20,1,0
BRDA:230,21,0,0
BRDA:256,22,0,0
BRDA:271,23,0,0
BRF:39
BRH:0
end_of_record
TN:
SF:src\lib\manualVerification.ts
FN:40,(anonymous_1)
FN:74,(anonymous_2)
FN:77,(anonymous_3)
FN:103,(anonymous_4)
FN:110,(anonymous_5)
FN:143,(anonymous_6)
FN:148,(anonymous_7)
FN:160,(anonymous_8)
FN:210,(anonymous_10)
FN:220,(anonymous_11)
FN:221,(anonymous_12)
FN:228,(anonymous_13)
FN:236,(anonymous_14)
FN:243,(anonymous_15)
FN:257,(anonymous_16)
FN:263,(anonymous_17)
FN:278,(anonymous_18)
FN:288,(anonymous_19)
FN:299,(anonymous_20)
FN:302,(anonymous_21)
FN:314,(anonymous_22)
FN:324,(anonymous_23)
FN:330,(anonymous_24)
FN:340,(anonymous_25)
FN:341,(anonymous_26)
FN:365,(anonymous_27)
FN:369,(anonymous_28)
FNF:27
FNH:0
FNDA:0,(anonymous_1)
FNDA:0,(anonymous_2)
FNDA:0,(anonymous_3)
FNDA:0,(anonymous_4)
FNDA:0,(anonymous_5)
FNDA:0,(anonymous_6)
FNDA:0,(anonymous_7)
FNDA:0,(anonymous_8)
FNDA:0,(anonymous_10)
FNDA:0,(anonymous_11)
FNDA:0,(anonymous_12)
FNDA:0,(anonymous_13)
FNDA:0,(anonymous_14)
FNDA:0,(anonymous_15)
FNDA:0,(anonymous_16)
FNDA:0,(anonymous_17)
FNDA:0,(anonymous_18)
FNDA:0,(anonymous_19)
FNDA:0,(anonymous_20)
FNDA:0,(anonymous_21)
FNDA:0,(anonymous_22)
FNDA:0,(anonymous_23)
FNDA:0,(anonymous_24)
FNDA:0,(anonymous_25)
FNDA:0,(anonymous_26)
FNDA:0,(anonymous_27)
FNDA:0,(anonymous_28)
DA:6,0
DA:7,0
DA:33,0
DA:34,0
DA:35,0
DA:46,0
DA:56,0
DA:58,0
DA:61,0
DA:63,0
DA:64,0
DA:66,0
DA:67,0
DA:75,0
DA:76,0
DA:77,0
DA:79,0
DA:80,0
DA:84,0
DA:85,0
DA:86,0
DA:88,0
DA:89,0
DA:90,0
DA:93,0
DA:95,0
DA:96,0
DA:108,0
DA:109,0
DA:110,0
DA:112,0
DA:113,0
DA:116,0
DA:118,0
DA:119,0
DA:123,0
DA:124,0
DA:130,0
DA:132,0
DA:133,0
DA:135,0
DA:136,0
DA:144,0
DA:145,0
DA:148,0
DA:151,0
DA:157,0
DA:158,0
DA:160,0
DA:161,0
DA:162,0
DA:165,0
DA:167,0
DA:168,0
DA:179,0
DA:180,0
DA:182,0
DA:183,0
DA:185,0
DA:186,0
DA:189,0
DA:190,0
DA:197,0
DA:198,0
DA:205,0
DA:206,0
DA:210,0
DA:214,0
DA:221,0
DA:222,0
DA:230,0
DA:237,0
DA:238,0
DA:244,0
DA:245,0
DA:258,0
DA:259,0
DA:260,0
DA:261,0
DA:263,0
DA:264,0
DA:265,0
DA:268,0
DA:270,0
DA:272,0
DA:279,0
DA:280,0
DA:281,0
DA:283,0
DA:284,0
DA:289,0
DA:290,0
DA:291,0
DA:292,0
DA:294,0
DA:295,0
DA:300,0
DA:301,0
DA:302,0
DA:304,0
DA:305,0
DA:306,0
DA:309,0
DA:310,0
DA:317,0
DA:324,0
DA:325,0
DA:330,0
DA:340,0
DA:341,0
DA:347,0
DA:348,0
DA:356,0
DA:358,0
DA:360,0
DA:361,0
DA:365,0
DA:366,0
DA:369,0
DA:370,0
DA:373,0
LF:121
LH:0
BRDA:79,0,0,0
BRDA:88,1,0,0
BRDA:88,2,0,0
BRDA:88,2,1,0
BRDA:112,3,0,0
BRDA:118,4,0,0
BRDA:123,5,0,0
BRDA:123,5,1,0
BRDA:132,6,0,0
BRDA:132,6,1,0
BRDA:151,7,0,0
BRDA:177,8,0,0
BRDA:185,9,0,0
BRDA:189,10,0,0
BRDA:197,11,0,0
BRDA:205,12,0,0
BRDA:281,13,0,0
BRDA:281,13,1,0
BRDA:304,14,0,0
BRF:19
BRH:0
end_of_record
TN:
SF:src\lib\offlineQueue.ts
FN:34,(anonymous_1)
FN:37,(anonymous_2)
FN:56,(anonymous_3)
FN:67,(anonymous_4)
FN:85,(anonymous_5)
FN:109,(anonymous_6)
FN:122,(anonymous_7)
FN:125,(anonymous_8)
FN:135,(anonymous_9)
FN:138,(anonymous_10)
FN:155,(anonymous_11)
FN:158,(anonymous_12)
FN:170,(anonymous_13)
FN:187,(anonymous_14)
FN:232,(anonymous_15)
FN:263,(anonymous_16)
FN:301,(anonymous_17)
FN:329,(anonymous_18)
FN:341,(anonymous_19)
FN:358,(anonymous_20)
FN:373,(anonymous_21)
FN:397,(anonymous_22)
FN:404,(anonymous_23)
FN:438,(anonymous_24)
FNF:24
FNH:0
FNDA:0,(anonymous_1)
FNDA:0,(anonymous_2)
FNDA:0,(anonymous_3)
FNDA:0,(anonymous_4)
FNDA:0,(anonymous_5)
FNDA:0,(anonymous_6)
FNDA:0,(anonymous_7)
FNDA:0,(anonymous_8)
FNDA:0,(anonymous_9)
FNDA:0,(anonymous_10)
FNDA:0,(anonymous_11)
FNDA:0,(anonymous_12)
FNDA:0,(anonymous_13)
FNDA:0,(anonymous_14)
FNDA:0,(anonymous_15)
FNDA:0,(anonymous_16)
FNDA:0,(anonymous_17)
FNDA:0,(anonymous_18)
FNDA:0,(anonymous_19)
FNDA:0,(anonymous_20)
FNDA:0,(anonymous_21)
FNDA:0,(anonymous_22)
FNDA:0,(anonymous_23)
FNDA:0,(anonymous_24)
DA:7,0
DA:9,0
DA:10,0
DA:13,0
DA:20,0
DA:30,0
DA:35,0
DA:36,0
DA:37,0
DA:39,0
DA:45,0
DA:46,0
DA:48,0
DA:49,0
DA:57,0
DA:58,0
DA:60,0
DA:68,0
DA:69,0
DA:70,0
DA:72,0
DA:73,0
DA:81,0
DA:86,0
DA:87,0
DA:93,0
DA:94,0
DA:96,0
DA:98,0
DA:99,0
DA:101,0
DA:102,0
DA:110,0
DA:111,0
DA:112,0
DA:114,0
DA:115,0
DA:123,0
DA:124,0
DA:125,0
DA:127,0
DA:128,0
DA:136,0
DA:137,0
DA:138,0
DA:139,0
DA:144,0
DA:145,0
DA:147,0
DA:148,0
DA:156,0
DA:157,0
DA:158,0
DA:160,0
DA:161,0
DA:163,0
DA:171,0
DA:172,0
DA:173,0
DA:175,0
DA:183,0
DA:188,0
DA:190,0
DA:192,0
DA:193,0
DA:194,0
DA:195,0
DA:198,0
DA:199,0
DA:202,0
DA:203,0
DA:204,0
DA:205,0
DA:206,0
DA:208,0
DA:209,0
DA:214,0
DA:215,0
DA:219,0
DA:221,0
DA:222,0
DA:224,0
DA:225,0
DA:233,0
DA:235,0
DA:246,0
DA:249,0
DA:251,0
DA:252,0
DA:254,0
DA:255,0
DA:264,0
DA:266,0
DA:267,0
DA:268,0
DA:272,0
DA:273,0
DA:274,0
DA:276,0
DA:277,0
DA:278,0
DA:279,0
DA:280,0
DA:281,0
DA:285,0
DA:291,0
DA:293,0
DA:294,0
DA:302,0
DA:303,0
DA:305,0
DA:306,0
DA:307,0
DA:310,0
DA:311,0
DA:315,0
DA:316,0
DA:319,0
DA:321,0
DA:322,0
DA:324,0
DA:326,0
DA:327,0
DA:329,0
DA:334,0
DA:335,0
DA:342,0
DA:343,0
DA:345,0
DA:346,0
DA:354,0
DA:359,0
DA:361,0
DA:362,0
DA:364,0
DA:366,0
DA:382,0
DA:391,0
DA:398,0
DA:410,0
DA:411,0
DA:418,0
DA:425,0
DA:426,0
DA:439,0
DA:440,0
DA:446,0
DA:448,0
DA:453,0
LF:149
LH:0
BRDA:70,0,0,0
BRDA:70,0,1,0
BRDA:112,1,0,0
BRDA:112,1,1,0
BRDA:139,2,0,0
BRDA:139,2,1,0
BRDA:193,3,0,0
BRDA:214,4,0,0
BRDA:267,5,0,0
BRDA:276,6,0,0
BRDA:276,6,1,0
BRDA:279,7,0,0
BRDA:301,8,0,0
BRDA:310,9,0,0
BRDA:310,10,0,0
BRDA:310,10,1,0
BRDA:310,10,2,0
BRDA:315,11,0,0
BRDA:324,12,0,0
BRDA:335,13,0,0
BRDA:335,13,1,0
BRF:21
BRH:0
end_of_record
TN:
SF:src\lib\responsive.ts
FN:24,(anonymous_0)
FN:31,(anonymous_1)
FN:36,(anonymous_2)
FN:41,(anonymous_3)
FN:54,(anonymous_4)
FN:70,(anonymous_5)
FN:75,(anonymous_6)
FN:81,(anonymous_7)
FN:110,(anonymous_8)
FN:111,(anonymous_9)
FN:112,(anonymous_10)
FN:113,(anonymous_11)
FN:117,(anonymous_12)
FN:148,(anonymous_13)
FNF:14
FNH:0
FNDA:0,(anonymous_0)
FNDA:0,(anonymous_1)
FNDA:0,(anonymous_2)
FNDA:0,(anonymous_3)
FNDA:0,(anonymous_4)
FNDA:0,(anonymous_5)
FNDA:0,(anonymous_6)
FNDA:0,(anonymous_7)
FNDA:0,(anonymous_8)
FNDA:0,(anonymous_9)
FNDA:0,(anonymous_10)
FNDA:0,(anonymous_11)
FNDA:0,(anonymous_12)
FNDA:0,(anonymous_13)
DA:6,0
DA:8,0
DA:11,0
DA:12,0
DA:15,0
DA:24,0
DA:25,0
DA:26,0
DA:27,0
DA:31,0
DA:32,0
DA:36,0
DA:37,0
DA:41,0
DA:42,0
DA:43,0
DA:46,0
DA:47,0
DA:50,0
DA:54,0
DA:55,0
DA:57,0
DA:59,0
DA:61,0
DA:63,0
DA:65,0
DA:70,0
DA:71,0
DA:75,0
DA:76,0
DA:77,0
DA:81,0
DA:82,0
DA:84,0
DA:85,0
DA:88,0
DA:90,0
DA:92,0
DA:94,0
DA:96,0
DA:101,0
DA:109,0
DA:110,0
DA:111,0
DA:112,0
DA:113,0
DA:117,0
DA:123,0
DA:125,0
DA:127,0
DA:129,0
DA:131,0
DA:133,0
DA:138,0
DA:148,0
DA:150,0
DA:152,0
DA:158,0
LF:58
LH:0
BRDA:25,0,0,0
BRDA:26,1,0,0
BRDA:46,2,0,0
BRDA:57,3,0,0
BRDA:57,3,1,0
BRDA:57,3,2,0
BRDA:57,3,3,0
BRDA:77,4,0,0
BRDA:77,4,1,0
BRDA:77,4,2,0
BRDA:81,5,0,0
BRDA:84,6,0,0
BRDA:88,7,0,0
BRDA:88,7,1,0
BRDA:88,7,2,0
BRDA:88,7,3,0
BRDA:111,8,0,0
BRDA:111,8,1,0
BRDA:112,9,0,0
BRDA:112,9,1,0
BRDA:125,10,0,0
BRDA:125,10,1,0
BRDA:125,10,2,0
BRDA:125,10,3,0
BRDA:127,11,0,0
BRDA:127,11,1,0
BRDA:129,12,0,0
BRDA:129,12,1,0
BRDA:131,13,0,0
BRDA:131,13,1,0
BRDA:153,14,0,0
BRDA:153,14,1,0
BRDA:154,15,0,0
BRDA:154,15,1,0
BRF:34
BRH:0
end_of_record
TN:
SF:src\lib\supabase.ts
FN:17,(anonymous_0)
FN:59,(anonymous_1)
FN:93,(anonymous_2)
FN:117,(anonymous_3)
FN:136,(anonymous_4)
FN:157,(anonymous_5)
FN:183,(anonymous_6)
FN:212,(anonymous_7)
FN:241,(anonymous_8)
FN:272,(anonymous_9)
FN:297,(anonymous_10)
FN:323,(anonymous_11)
FN:348,(anonymous_12)
FN:372,(anonymous_13)
FN:400,(anonymous_14)
FN:429,(anonymous_15)
FN:454,(anonymous_16)
FN:481,(anonymous_17)
FN:494,(anonymous_18)
FN:504,(anonymous_19)
FN:517,(anonymous_20)
FN:528,(anonymous_21)
FNF:22
FNH:0
FNDA:0,(anonymous_0)
FNDA:0,(anonymous_1)
FNDA:0,(anonymous_2)
FNDA:0,(anonymous_3)
FNDA:0,(anonymous_4)
FNDA:0,(anonymous_5)
FNDA:0,(anonymous_6)
FNDA:0,(anonymous_7)
FNDA:0,(anonymous_8)
FNDA:0,(anonymous_9)
FNDA:0,(anonymous_10)
FNDA:0,(anonymous_11)
FNDA:0,(anonymous_12)
FNDA:0,(anonymous_13)
FNDA:0,(anonymous_14)
FNDA:0,(anonymous_15)
FNDA:0,(anonymous_16)
FNDA:0,(anonymous_17)
FNDA:0,(anonymous_18)
FNDA:0,(anonymous_19)
FNDA:0,(anonymous_20)
FNDA:0,(anonymous_21)
DA:6,0
DA:7,0
DA:11,0
DA:17,0
DA:18,0
DA:20,0
DA:21,0
DA:24,0
DA:25,0
DA:42,0
DA:44,0
DA:45,0
DA:49,0
DA:55,0
DA:60,0
DA:62,0
DA:63,0
DA:73,0
DA:74,0
DA:75,0
DA:79,0
DA:80,0
DA:83,0
DA:85,0
DA:86,0
DA:94,0
DA:96,0
DA:97,0
DA:102,0
DA:103,0
DA:104,0
DA:107,0
DA:109,0
DA:110,0
DA:118,0
DA:120,0
DA:121,0
DA:123,0
DA:124,0
DA:125,0
DA:128,0
DA:129,0
DA:137,0
DA:139,0
DA:140,0
DA:142,0
DA:143,0
DA:144,0
DA:147,0
DA:149,0
DA:150,0
DA:158,0
DA:160,0
DA:161,0
DA:163,0
DA:164,0
DA:165,0
DA:168,0
DA:170,0
DA:171,0
DA:179,0
DA:184,0
DA:186,0
DA:187,0
DA:193,0
DA:194,0
DA:196,0
DA:198,0
DA:199,0
DA:202,0
DA:204,0
DA:205,0
DA:213,0
DA:215,0
DA:216,0
DA:226,0
DA:227,0
DA:228,0
DA:231,0
DA:233,0
DA:234,0
DA:242,0
DA:244,0
DA:245,0
DA:251,0
DA:252,0
DA:255,0
DA:257,0
DA:258,0
DA:259,0
DA:262,0
DA:264,0
DA:265,0
DA:273,0
DA:275,0
DA:276,0
DA:282,0
DA:283,0
DA:284,0
DA:287,0
DA:289,0
DA:290,0
DA:298,0
DA:300,0
DA:301,0
DA:307,0
DA:308,0
DA:309,0
DA:312,0
DA:314,0
DA:315,0
DA:324,0
DA:326,0
DA:327,0
DA:333,0
DA:334,0
DA:335,0
DA:338,0
DA:340,0
DA:341,0
DA:349,0
DA:351,0
DA:352,0
DA:357,0
DA:358,0
DA:359,0
DA:362,0
DA:364,0
DA:365,0
DA:373,0
DA:375,0
DA:376,0
DA:385,0
DA:386,0
DA:387,0
DA:390,0
DA:392,0
DA:393,0
DA:401,0
DA:403,0
DA:404,0
DA:414,0
DA:415,0
DA:416,0
DA:419,0
DA:421,0
DA:422,0
DA:430,0
DA:432,0
DA:433,0
DA:441,0
DA:442,0
DA:443,0
DA:446,0
DA:447,0
DA:455,0
DA:457,0
DA:458,0
DA:463,0
DA:464,0
DA:465,0
DA:468,0
DA:469,0
DA:477,0
DA:482,0
DA:484,0
DA:495,0
DA:505,0
DA:507,0
DA:518,0
DA:528,0
DA:529,0
DA:531,0
DA:532,0
DA:544,0
DA:545,0
DA:546,0
DA:549,0
DA:551,0
DA:552,0
DA:557,0
DA:558,0
LF:182
LH:0
BRDA:18,0,0,0
BRDA:20,1,0,0
BRDA:73,2,0,0
BRDA:79,3,0,0
BRDA:102,4,0,0
BRDA:123,5,0,0
BRDA:142,6,0,0
BRDA:163,7,0,0
BRDA:193,8,0,0
BRDA:194,9,0,0
BRDA:226,10,0,0
BRDA:251,11,0,0
BRDA:257,12,0,0
BRDA:262,13,0,0
BRDA:262,13,1,0
BRDA:282,14,0,0
BRDA:307,15,0,0
BRDA:312,16,0,0
BRDA:312,16,1,0
BRDA:333,17,0,0
BRDA:338,18,0,0
BRDA:338,18,1,0
BRDA:357,19,0,0
BRDA:362,20,0,0
BRDA:362,20,1,0
BRDA:385,21,0,0
BRDA:414,22,0,0
BRDA:441,23,0,0
BRDA:463,24,0,0
BRDA:544,25,0,0
BRF:30
BRH:0
end_of_record
TN:
SF:src\lib\theme.ts
FNF:0
FNH:0
DA:6,0
DA:8,0
DA:11,0
DA:57,0
DA:90,0
DA:101,0
DA:111,0
DA:143,0
DA:152,0
DA:160,0
DA:274,0
DA:300,0
DA:312,0
LF:13
LH:0
BRDA:147,0,0,0
BRDA:147,0,1,0
BRF:2
BRH:0
end_of_record
TN:
SF:src\lib\utils.ts
FN:8,(anonymous_0)
FN:15,(anonymous_1)
FN:22,(anonymous_2)
FN:29,(anonymous_3)
FN:37,(anonymous_4)
FN:44,(anonymous_5)
FN:51,(anonymous_6)
FN:62,(anonymous_7)
FN:67,(anonymous_8)
FN:69,(anonymous_9)
FNF:10
FNH:0
FNDA:0,(anonymous_0)
FNDA:0,(anonymous_1)
FNDA:0,(anonymous_2)
FNDA:0,(anonymous_3)
FNDA:0,(anonymous_4)
FNDA:0,(anonymous_5)
FNDA:0,(anonymous_6)
FNDA:0,(anonymous_7)
FNDA:0,(anonymous_8)
FNDA:0,(anonymous_9)
DA:8,0
DA:9,0
DA:15,0
DA:16,0
DA:22,0
DA:23,0
DA:29,0
DA:30,0
DA:31,0
DA:37,0
DA:38,0
DA:44,0
DA:45,0
DA:51,0
DA:52,0
DA:53,0
DA:55,0
DA:62,0
DA:67,0
DA:68,0
DA:69,0
LF:21
LH:0
BRF:0
BRH:0
end_of_record
TN:
SF:src\screens\HomeScreen.tsx
FN:49,(anonymous_9)
FN:67,(anonymous_10)
FN:68,(anonymous_11)
FN:72,(anonymous_12)
FN:76,(anonymous_13)
FN:107,(anonymous_14)
FN:124,(anonymous_15)
FN:129,(anonymous_16)
FN:135,(anonymous_17)
FN:143,(anonymous_18)
FNF:10
FNH:0
FNDA:0,(anonymous_9)
FNDA:0,(anonymous_10)
FNDA:0,(anonymous_11)
FNDA:0,(anonymous_12)
FNDA:0,(anonymous_13)
FNDA:0,(anonymous_14)
FNDA:0,(anonymous_15)
FNDA:0,(anonymous_16)
FNDA:0,(anonymous_17)
FNDA:0,(anonymous_18)
DA:7,0
DA:8,0
DA:21,0
DA:22,0
DA:23,0
DA:24,0
DA:27,0
DA:30,0
DA:49,0
DA:55,0
DA:56,0
DA:59,0
DA:60,0
DA:61,0
DA:64,0
DA:67,0
DA:68,0
DA:69,0
DA:72,0
DA:76,0
DA:77,0
DA:91,0
DA:105,0
DA:107,0
DA:111,0
DA:112,0
DA:124,0
DA:125,0
DA:126,0
DA:129,0
DA:130,0
DA:131,0
DA:132,0
DA:135,0
DA:136,0
DA:143,0
DA:144,0
DA:145,0
DA:146,0
DA:147,0
DA:151,0
DA:157,0
DA:301,0
DA:540,0
LF:44
LH:0
BRDA:111,0,0,0
BRDA:145,1,0,0
BRDA:146,2,0,0
BRDA:183,3,0,0
BRDA:183,3,1,0
BRDA:252,4,0,0
BRDA:252,4,1,0
BRDA:267,5,0,0
BRDA:267,5,1,0
BRDA:267,5,2,0
BRDA:283,6,0,0
BRDA:283,6,1,0
BRF:12
BRH:0
end_of_record
TN:
SF:src\screens\LockScreen.tsx
FN:72,(anonymous_9)
FN:92,(anonymous_10)
FN:97,(anonymous_11)
FN:117,(anonymous_12)
FN:118,(anonymous_13)
FN:121,(anonymous_14)
FN:128,(anonymous_15)
FN:129,(anonymous_16)
FN:138,(anonymous_17)
FN:142,(anonymous_18)
FN:143,(anonymous_19)
FN:156,(anonymous_20)
FN:159,(anonymous_21)
FN:163,(anonymous_22)
FN:164,(anonymous_23)
FN:177,(anonymous_24)
FN:241,(anonymous_25)
FN:308,(anonymous_26)
FNF:18
FNH:0
FNDA:0,(anonymous_9)
FNDA:0,(anonymous_10)
FNDA:0,(anonymous_11)
FNDA:0,(anonymous_12)
FNDA:0,(anonymous_13)
FNDA:0,(anonymous_14)
FNDA:0,(anonymous_15)
FNDA:0,(anonymous_16)
FNDA:0,(anonymous_17)
FNDA:0,(anonymous_18)
FNDA:0,(anonymous_19)
FNDA:0,(anonymous_20)
FNDA:0,(anonymous_21)
FNDA:0,(anonymous_22)
FNDA:0,(anonymous_23)
FNDA:0,(anonymous_24)
FNDA:0,(anonymous_25)
FNDA:0,(anonymous_26)
DA:7,0
DA:8,0
DA:21,0
DA:22,0
DA:24,0
DA:26,0
DA:29,0
DA:43,0
DA:72,0
DA:77,0
DA:78,0
DA:81,0
DA:82,0
DA:83,0
DA:86,0
DA:87,0
DA:88,0
DA:89,0
DA:92,0
DA:93,0
DA:94,0
DA:97,0
DA:98,0
DA:99,0
DA:102,0
DA:117,0
DA:118,0
DA:121,0
DA:122,0
DA:123,0
DA:128,0
DA:129,0
DA:131,0
DA:132,0
DA:133,0
DA:135,0
DA:138,0
DA:142,0
DA:143,0
DA:144,0
DA:145,0
DA:146,0
DA:148,0
DA:152,0
DA:156,0
DA:159,0
DA:160,0
DA:161,0
DA:163,0
DA:164,0
DA:166,0
DA:171,0
DA:173,0
DA:177,0
DA:179,0
DA:186,0
DA:200,0
DA:203,0
DA:217,0
DA:220,0
DA:228,0
DA:229,0
DA:241,0
DA:242,0
DA:243,0
DA:244,0
DA:248,0
DA:254,0
DA:309,0
DA:376,0
DA:688,0
LF:71
LH:0
BRDA:75,0,0,0
BRDA:131,1,0,0
BRDA:146,2,0,0
BRDA:164,3,0,0
BRDA:164,3,1,0
BRDA:228,4,0,0
BRDA:284,5,0,0
BRDA:284,5,1,0
BRDA:305,6,0,0
BRDA:305,6,1,0
BRDA:332,7,0,0
BRDA:332,7,1,0
BRDA:348,8,0,0
BRDA:348,8,1,0
BRDA:353,9,0,0
BRDA:353,9,1,0
BRF:16
BRH:0
end_of_record
TN:
SF:src\screens\ParentDashboard.tsx
FN:46,(anonymous_9)
FN:74,(anonymous_10)
FN:88,(anonymous_11)
FN:96,(anonymous_12)
FN:102,(anonymous_13)
FN:103,(anonymous_14)
FN:112,(anonymous_15)
FN:120,(anonymous_16)
FN:143,(anonymous_17)
FN:176,(anonymous_18)
FN:178,(anonymous_19)
FN:184,(anonymous_20)
FN:186,(anonymous_21)
FN:187,(anonymous_22)
FN:190,(anonymous_23)
FN:192,(anonymous_24)
FN:193,(anonymous_25)
FN:197,(anonymous_26)
FN:201,(anonymous_27)
FN:206,(anonymous_28)
FN:213,(anonymous_29)
FN:214,(anonymous_30)
FN:218,(anonymous_31)
FN:222,(anonymous_32)
FN:232,(anonymous_33)
FN:252,(anonymous_34)
FN:257,(anonymous_35)
FN:267,(anonymous_36)
FN:288,(anonymous_37)
FN:293,(anonymous_38)
FN:305,(anonymous_39)
FN:326,(anonymous_40)
FN:349,(anonymous_41)
FN:369,(anonymous_42)
FN:382,(anonymous_43)
FN:404,(anonymous_44)
FN:408,(anonymous_45)
FN:415,(anonymous_46)
FN:434,(anonymous_47)
FN:440,(anonymous_48)
FN:454,(anonymous_49)
FN:488,(anonymous_50)
FN:496,(anonymous_51)
FN:497,(anonymous_52)
FN:555,(anonymous_53)
FN:561,(anonymous_54)
FN:640,(anonymous_55)
FNF:47
FNH:0
FNDA:0,(anonymous_9)
FNDA:0,(anonymous_10)
FNDA:0,(anonymous_11)
FNDA:0,(anonymous_12)
FNDA:0,(anonymous_13)
FNDA:0,(anonymous_14)
FNDA:0,(anonymous_15)
FNDA:0,(anonymous_16)
FNDA:0,(anonymous_17)
FNDA:0,(anonymous_18)
FNDA:0,(anonymous_19)
FNDA:0,(anonymous_20)
FNDA:0,(anonymous_21)
FNDA:0,(anonymous_22)
FNDA:0,(anonymous_23)
FNDA:0,(anonymous_24)
FNDA:0,(anonymous_25)
FNDA:0,(anonymous_26)
FNDA:0,(anonymous_27)
FNDA:0,(anonymous_28)
FNDA:0,(anonymous_29)
FNDA:0,(anonymous_30)
FNDA:0,(anonymous_31)
FNDA:0,(anonymous_32)
FNDA:0,(anonymous_33)
FNDA:0,(anonymous_34)
FNDA:0,(anonymous_35)
FNDA:0,(anonymous_36)
FNDA:0,(anonymous_37)
FNDA:0,(anonymous_38)
FNDA:0,(anonymous_39)
FNDA:0,(anonymous_40)
FNDA:0,(anonymous_41)
FNDA:0,(anonymous_42)
FNDA:0,(anonymous_43)
FNDA:0,(anonymous_44)
FNDA:0,(anonymous_45)
FNDA:0,(anonymous_46)
FNDA:0,(anonymous_47)
FNDA:0,(anonymous_48)
FNDA:0,(anonymous_49)
FNDA:0,(anonymous_50)
FNDA:0,(anonymous_51)
FNDA:0,(anonymous_52)
FNDA:0,(anonymous_53)
FNDA:0,(anonymous_54)
FNDA:0,(anonymous_55)
DA:7,0
DA:8,0
DA:19,0
DA:21,0
DA:23,0
DA:24,0
DA:26,0
DA:46,0
DA:47,0
DA:48,0
DA:51,0
DA:52,0
DA:53,0
DA:54,0
DA:57,0
DA:58,0
DA:59,0
DA:62,0
DA:65,0
DA:66,0
DA:69,0
DA:70,0
DA:71,0
DA:74,0
DA:75,0
DA:76,0
DA:81,0
DA:84,0
DA:88,0
DA:89,0
DA:90,0
DA:91,0
DA:93,0
DA:96,0
DA:97,0
DA:102,0
DA:103,0
DA:104,0
DA:112,0
DA:113,0
DA:114,0
DA:117,0
DA:120,0
DA:125,0
DA:128,0
DA:129,0
DA:133,0
DA:134,0
DA:136,0
DA:143,0
DA:144,0
DA:145,0
DA:148,0
DA:149,0
DA:150,0
DA:153,0
DA:159,0
DA:160,0
DA:163,0
DA:166,0
DA:167,0
DA:169,0
DA:176,0
DA:178,0
DA:179,0
DA:180,0
DA:181,0
DA:184,0
DA:185,0
DA:186,0
DA:187,0
DA:190,0
DA:191,0
DA:192,0
DA:193,0
DA:196,0
DA:197,0
DA:201,0
DA:206,0
DA:213,0
DA:214,0
DA:217,0
DA:218,0
DA:222,0
DA:232,0
DA:233,0
DA:234,0
DA:237,0
DA:239,0
DA:242,0
DA:253,0
DA:254,0
DA:257,0
DA:264,0
DA:268,0
DA:269,0
DA:270,0
DA:271,0
DA:272,0
DA:273,0
DA:278,0
DA:289,0
DA:290,0
DA:293,0
DA:294,0
DA:297,0
DA:298,0
DA:301,0
DA:306,0
DA:307,0
DA:308,0
DA:313,0
DA:314,0
DA:316,0
DA:318,0
DA:319,0
DA:326,0
DA:327,0
DA:328,0
DA:329,0
DA:330,0
DA:331,0
DA:334,0
DA:335,0
DA:336,0
DA:337,0
DA:340,0
DA:342,0
DA:349,0
DA:350,0
DA:351,0
DA:352,0
DA:353,0
DA:354,0
DA:356,0
DA:359,0
DA:360,0
DA:362,0
DA:369,0
DA:370,0
DA:371,0
DA:382,0
DA:383,0
DA:404,0
DA:405,0
DA:409,0
DA:415,0
DA:434,0
DA:435,0
DA:440,0
DA:454,0
DA:455,0
DA:457,0
DA:488,0
DA:489,0
DA:491,0
DA:496,0
DA:497,0
DA:508,0
DA:555,0
DA:556,0
DA:562,0
DA:594,0
DA:595,0
DA:603,0
DA:604,0
DA:612,0
DA:613,0
DA:623,0
DA:640,0
DA:646,0
DA:918,0
LF:172
LH:0
BRDA:75,0,0,0
BRDA:89,1,0,0
BRDA:89,1,1,0
BRDA:128,2,0,0
BRDA:128,3,0,0
BRDA:128,3,1,0
BRDA:149,4,0,0
BRDA:186,5,0,0
BRDA:186,5,1,0
BRDA:192,6,0,0
BRDA:192,6,1,0
BRDA:201,7,0,0
BRDA:206,8,0,0
BRDA:222,9,0,0
BRDA:257,10,0,0
BRDA:257,10,1,0
BRDA:269,11,0,0
BRDA:269,11,1,0
BRDA:271,12,0,0
BRDA:271,13,0,0
BRDA:271,13,1,0
BRDA:297,14,0,0
BRDA:307,15,0,0
BRDA:307,16,0,0
BRDA:307,16,1,0
BRDA:328,17,0,0
BRDA:334,18,0,0
BRDA:353,19,0,0
BRDA:386,20,0,0
BRDA:386,20,1,0
BRDA:387,21,0,0
BRDA:387,21,1,0
BRDA:388,22,0,0
BRDA:388,22,1,0
BRDA:391,23,0,0
BRDA:391,23,1,0
BRDA:392,24,0,0
BRDA:392,24,1,0
BRDA:393,25,0,0
BRDA:393,25,1,0
BRDA:395,26,0,0
BRDA:395,26,1,0
BRDA:413,27,0,0
BRDA:413,27,1,0
BRDA:420,28,0,0
BRDA:420,28,1,0
BRDA:455,29,0,0
BRDA:489,30,0,0
BRDA:489,31,0,0
BRDA:489,31,1,0
BRDA:496,32,0,0
BRDA:497,33,0,0
BRDA:558,34,0,0
BRDA:558,34,1,0
BRDA:570,35,0,0
BRDA:570,35,1,0
BRDA:578,36,0,0
BRDA:578,36,1,0
BRDA:581,37,0,0
BRDA:581,37,1,0
BRDA:584,38,0,0
BRDA:584,38,1,0
BRDA:594,39,0,0
BRDA:603,40,0,0
BRDA:603,41,0,0
BRDA:603,41,1,0
BRDA:612,42,0,0
BRF:67
BRH:0
end_of_record
TN:
SF:src\screens\QuestScreen.tsx
FN:49,(anonymous_9)
FN:68,(anonymous_10)
FN:73,(anonymous_11)
FN:104,(anonymous_12)
FN:107,(anonymous_13)
FN:142,(anonymous_14)
FN:147,(anonymous_15)
FN:159,(anonymous_16)
FN:171,(anonymous_17)
FN:178,(anonymous_18)
FN:183,(anonymous_19)
FN:187,(anonymous_20)
FN:298,(anonymous_21)
FN:301,(anonymous_22)
FNF:14
FNH:0
FNDA:0,(anonymous_9)
FNDA:0,(anonymous_10)
FNDA:0,(anonymous_11)
FNDA:0,(anonymous_12)
FNDA:0,(anonymous_13)
FNDA:0,(anonymous_14)
FNDA:0,(anonymous_15)
FNDA:0,(anonymous_16)
FNDA:0,(anonymous_17)
FNDA:0,(anonymous_18)
FNDA:0,(anonymous_19)
FNDA:0,(anonymous_20)
FNDA:0,(anonymous_21)
FNDA:0,(anonymous_22)
DA:7,0
DA:8,0
DA:23,0
DA:24,0
DA:25,0
DA:27,0
DA:29,0
DA:32,0
DA:49,0
DA:53,0
DA:54,0
DA:57,0
DA:58,0
DA:59,0
DA:60,0
DA:63,0
DA:64,0
DA:65,0
DA:68,0
DA:69,0
DA:73,0
DA:74,0
DA:88,0
DA:102,0
DA:104,0
DA:107,0
DA:108,0
DA:109,0
DA:110,0
DA:111,0
DA:112,0
DA:114,0
DA:115,0
DA:121,0
DA:126,0
DA:127,0
DA:142,0
DA:143,0
DA:144,0
DA:147,0
DA:148,0
DA:149,0
DA:151,0
DA:153,0
DA:160,0
DA:167,0
DA:171,0
DA:178,0
DA:179,0
DA:180,0
DA:183,0
DA:184,0
DA:187,0
DA:217,0
DA:224,0
DA:225,0
DA:234,0
DA:298,0
DA:301,0
DA:327,0
DA:656,0
LF:61
LH:0
BRDA:126,0,0,0
BRDA:151,1,0,0
BRDA:151,1,1,0
BRDA:151,2,0,0
BRDA:151,2,1,0
BRDA:202,3,0,0
BRDA:202,3,1,0
BRDA:202,4,0,0
BRDA:202,4,1,0
BRDA:224,5,0,0
BRDA:224,6,0,0
BRDA:224,6,1,0
BRDA:279,7,0,0
BRDA:279,7,1,0
BRDA:284,8,0,0
BRDA:284,8,1,0
BRF:16
BRH:0
end_of_record
